2020-02-09 14:21:25.577 [JavaFX-Launcher     ] [INFO ] SpringApplication >>> Starting application on WIN-IQ534GK0C9P with PID 31088 (started by Administrator in C:\Users\Administrator\Desktop\redtorch-github-sync\eclipse-workspace\redtorch-github\rt-desktop) 
2020-02-09 14:21:25.581 [JavaFX-Launcher     ] [INFO ] SpringApplication >>> No active profile set, falling back to default profiles: default 
2020-02-09 14:21:26.808 [JavaFX-Launcher     ] [WARN ] jsr >>> UT026010: Buffer pool was not set on WebSocketDeploymentInfo, the default pool will be used 
2020-02-09 14:21:26.836 [JavaFX-Launcher     ] [INFO ] servlet >>> Initializing Spring embedded WebApplicationContext 
2020-02-09 14:21:26.837 [JavaFX-Launcher     ] [INFO ] ContextLoader >>> Root WebApplicationContext: initialization completed in 1210 ms 
2020-02-09 14:21:27.139 [JavaFX-Launcher     ] [WARN ] RtWebSocketClient >>> 自动重连服务器未启用 
2020-02-09 14:21:27.383 [JavaFX-Launcher     ] [INFO ] ThreadPoolTaskExecutor >>> Initializing ExecutorService 'applicationTaskExecutor' 
2020-02-09 14:21:27.667 [JavaFX-Launcher     ] [INFO ] xnio >>> XNIO version 3.3.8.Final 
2020-02-09 14:21:27.678 [JavaFX-Launcher     ] [INFO ] nio >>> XNIO NIO Implementation Version 3.3.8.Final 
2020-02-09 14:21:27.773 [JavaFX-Launcher     ] [INFO ] UndertowServletWebServer >>> Undertow started on port(s) 32514 (http) with context path '' 
2020-02-09 14:21:27.777 [JavaFX-Launcher     ] [INFO ] SpringApplication >>> Started application in 2.717 seconds (JVM running for 3.542) 
2020-02-09 14:22:27.402 [pool-3-thread-1     ] [INFO ] UUIDStringPoolUtils >>> UUID字符串池已初始化 
2020-02-09 14:22:27.459 [pool-3-thread-1     ] [INFO ] RpcClientProcessServiceImpl >>> 发送RPC记录,目标节点ID:0,请求ID:2328afc8-557e-4251-a92b-d5ba27b77654,RPC:GET_ACCOUNT_LIST_REQ 
2020-02-09 14:22:27.465 [pool-3-thread-1     ] [ERROR] RtWebSocketClient >>> 发送二进制数据错误,未能找到会话 
2020-02-09 14:22:27.467 [pool-3-thread-1     ] [ERROR] RpcClientProcessServiceImpl >>> 发送RPC错误,目标节点ID:0,请求ID:2328afc8-557e-4251-a92b-d5ba27b77654,RPC:GET_ACCOUNT_LIST_REQ 
2020-02-09 14:22:27.676 [pool-3-thread-1     ] [INFO ] RpcClientProcessServiceImpl >>> 发送RPC记录,目标节点ID:0,请求ID:ac80f5d0-d07b-4794-b956-05028b289350,RPC:GET_POSITION_LIST_REQ 
2020-02-09 14:22:27.676 [pool-3-thread-1     ] [ERROR] RtWebSocketClient >>> 发送二进制数据错误,未能找到会话 
2020-02-09 14:22:27.677 [pool-3-thread-1     ] [ERROR] RpcClientProcessServiceImpl >>> 发送RPC错误,目标节点ID:0,请求ID:ac80f5d0-d07b-4794-b956-05028b289350,RPC:GET_POSITION_LIST_REQ 
2020-02-09 14:22:27.884 [pool-3-thread-1     ] [INFO ] RpcClientProcessServiceImpl >>> 发送RPC记录,目标节点ID:0,请求ID:821bcf7d-e774-4590-bb76-3b9ae1c80a6a,RPC:GET_TRADE_LIST_REQ 
2020-02-09 14:22:27.885 [pool-3-thread-1     ] [ERROR] RtWebSocketClient >>> 发送二进制数据错误,未能找到会话 
2020-02-09 14:22:27.885 [pool-3-thread-1     ] [ERROR] RpcClientProcessServiceImpl >>> 发送RPC错误,目标节点ID:0,请求ID:821bcf7d-e774-4590-bb76-3b9ae1c80a6a,RPC:GET_TRADE_LIST_REQ 
2020-02-09 14:22:28.093 [pool-3-thread-1     ] [INFO ] RpcClientProcessServiceImpl >>> 发送RPC记录,目标节点ID:0,请求ID:4adb54bb-6122-41f6-b2b8-d27c1a6ea556,RPC:GET_ORDER_LIST_REQ 
2020-02-09 14:22:28.094 [pool-3-thread-1     ] [ERROR] RtWebSocketClient >>> 发送二进制数据错误,未能找到会话 
2020-02-09 14:22:28.094 [pool-3-thread-1     ] [ERROR] RpcClientProcessServiceImpl >>> 发送RPC错误,目标节点ID:0,请求ID:4adb54bb-6122-41f6-b2b8-d27c1a6ea556,RPC:GET_ORDER_LIST_REQ 
2020-02-09 14:22:28.303 [pool-3-thread-1     ] [INFO ] RpcClientProcessServiceImpl >>> 发送RPC记录,目标节点ID:0,请求ID:8b993055-631f-4d60-8886-aa3da78242dd,RPC:GET_TICK_LIST_REQ 
2020-02-09 14:22:28.303 [pool-3-thread-1     ] [ERROR] RtWebSocketClient >>> 发送二进制数据错误,未能找到会话 
2020-02-09 14:22:28.304 [pool-3-thread-1     ] [ERROR] RpcClientProcessServiceImpl >>> 发送RPC错误,目标节点ID:0,请求ID:8b993055-631f-4d60-8886-aa3da78242dd,RPC:GET_TICK_LIST_REQ 
2020-02-09 14:22:28.511 [pool-3-thread-1     ] [INFO ] RpcClientProcessServiceImpl >>> 发送RPC记录,目标节点ID:0,请求ID:0dc9ec7b-3772-432d-a169-0539ba1af582,RPC:GET_MIX_CONTRACT_LIST_REQ 
2020-02-09 14:22:28.512 [pool-3-thread-1     ] [ERROR] RtWebSocketClient >>> 发送二进制数据错误,未能找到会话 
2020-02-09 14:22:28.512 [pool-3-thread-1     ] [ERROR] RpcClientProcessServiceImpl >>> 发送RPC错误,目标节点ID:0,请求ID:0dc9ec7b-3772-432d-a169-0539ba1af582,RPC:GET_MIX_CONTRACT_LIST_REQ 
2020-02-09 14:22:47.559 [JavaFX Application Thread] [INFO ] AuthServiceImpl >>> 登录成功！ 
2020-02-09 14:22:47.752 [SimpleAsyncTaskExecutor-1] [INFO ] RtWebSocketClient >>> 连接已建立,会话ID:f2ba5177-808d-5fc0-9e3e-7bf3bf4c3818 
2020-02-09 14:22:47.761 [pool-9-thread-2     ] [INFO ] RpcClientProcessServiceImpl >>> 发送RPC记录,目标节点ID:0,请求ID:c46a9e57-c4d8-4536-96f8-4d7da9955666,RPC:GET_ACCOUNT_LIST_REQ 
2020-02-09 14:22:47.784 [pool-9-thread-1     ] [INFO ] RpcClientProcessServiceImpl >>> 处理DEP记录,来源节点ID:0,RPC类型:CORE_RPC,RPC ID:44,请求ID:c46a9e57-c4d8-4536-96f8-4d7da9955666内容类型:ROUTINE,时间戳:1581229367774 
2020-02-09 14:22:47.787 [pool-11-thread-1    ] [INFO ] RpcClientProcessServiceImpl >>> 处理RPC记录,来源节点ID:0,请求ID:c46a9e57-c4d8-4536-96f8-4d7da9955666,RPC:GET_ACCOUNT_LIST_RSP 
2020-02-09 14:22:47.789 [pool-9-thread-2     ] [INFO ] RpcClientApiServiceImpl >>> 查询账户列表完成 
2020-02-09 14:22:47.863 [pool-9-thread-1     ] [INFO ] RpcClientProcessServiceImpl >>> 处理DEP记录,来源节点ID:0,RPC类型:CORE_RPC,RPC ID:1011,请求ID:内容类型:ROUTINE,时间戳:1581229367863 
2020-02-09 14:22:47.865 [pool-5-thread-1     ] [INFO ] RpcClientProcessServiceImpl >>> 处理RPC记录,来源节点ID:0,请求ID:,RPC:ACCOUNT_LIST_RTN 
2020-02-09 14:22:47.994 [pool-9-thread-2     ] [INFO ] RpcClientProcessServiceImpl >>> 发送RPC记录,目标节点ID:0,请求ID:77e5271c-3b7c-4077-98fb-46f8236c84b7,RPC:GET_POSITION_LIST_REQ 
2020-02-09 14:22:47.997 [pool-9-thread-1     ] [INFO ] RpcClientProcessServiceImpl >>> 处理DEP记录,来源节点ID:0,RPC类型:CORE_RPC,RPC ID:36,请求ID:77e5271c-3b7c-4077-98fb-46f8236c84b7内容类型:ROUTINE,时间戳:1581229367995 
2020-02-09 14:22:48.002 [pool-11-thread-2    ] [INFO ] RpcClientProcessServiceImpl >>> 处理RPC记录,来源节点ID:0,请求ID:77e5271c-3b7c-4077-98fb-46f8236c84b7,RPC:GET_POSITION_LIST_RSP 
2020-02-09 14:22:48.004 [pool-9-thread-2     ] [INFO ] RpcClientApiServiceImpl >>> 查询持仓列表完成 
2020-02-09 14:22:48.068 [pool-9-thread-1     ] [INFO ] RpcClientProcessServiceImpl >>> 处理DEP记录,来源节点ID:0,RPC类型:CORE_RPC,RPC ID:1011,请求ID:内容类型:ROUTINE,时间戳:1581229368068 
2020-02-09 14:22:48.069 [pool-5-thread-1     ] [INFO ] RpcClientProcessServiceImpl >>> 处理RPC记录,来源节点ID:0,请求ID:,RPC:ACCOUNT_LIST_RTN 
2020-02-09 14:22:48.208 [pool-9-thread-2     ] [INFO ] RpcClientProcessServiceImpl >>> 发送RPC记录,目标节点ID:0,请求ID:3570358e-095a-44b2-adcd-702350d3d6b4,RPC:GET_TRADE_LIST_REQ 
2020-02-09 14:22:48.210 [pool-9-thread-1     ] [INFO ] RpcClientProcessServiceImpl >>> 处理DEP记录,来源节点ID:0,RPC类型:CORE_RPC,RPC ID:24,请求ID:3570358e-095a-44b2-adcd-702350d3d6b4内容类型:ROUTINE,时间戳:1581229368210 
2020-02-09 14:22:48.212 [pool-11-thread-3    ] [INFO ] RpcClientProcessServiceImpl >>> 处理RPC记录,来源节点ID:0,请求ID:3570358e-095a-44b2-adcd-702350d3d6b4,RPC:GET_TRADE_LIST_RSP 
2020-02-09 14:22:48.214 [pool-9-thread-2     ] [INFO ] RpcClientApiServiceImpl >>> 查询成交列表完成 
2020-02-09 14:22:48.419 [pool-9-thread-2     ] [INFO ] RpcClientProcessServiceImpl >>> 发送RPC记录,目标节点ID:0,请求ID:a1bab277-2904-43cd-8ca7-ef36f20a64a6,RPC:GET_ORDER_LIST_REQ 
2020-02-09 14:22:48.420 [pool-9-thread-1     ] [INFO ] RpcClientProcessServiceImpl >>> 处理DEP记录,来源节点ID:0,RPC类型:CORE_RPC,RPC ID:12,请求ID:a1bab277-2904-43cd-8ca7-ef36f20a64a6内容类型:ROUTINE,时间戳:1581229368420 
2020-02-09 14:22:48.422 [pool-11-thread-4    ] [INFO ] RpcClientProcessServiceImpl >>> 处理RPC记录,来源节点ID:0,请求ID:a1bab277-2904-43cd-8ca7-ef36f20a64a6,RPC:GET_ORDER_LIST_RSP 
2020-02-09 14:22:48.424 [pool-9-thread-2     ] [INFO ] RpcClientApiServiceImpl >>> 查询定单列表完成 
2020-02-09 14:22:48.629 [pool-9-thread-2     ] [INFO ] RpcClientProcessServiceImpl >>> 发送RPC记录,目标节点ID:0,请求ID:7bf6a39a-76fc-4514-8034-a93e74952b17,RPC:GET_TICK_LIST_REQ 
2020-02-09 14:22:48.630 [pool-9-thread-1     ] [INFO ] RpcClientProcessServiceImpl >>> 处理DEP记录,来源节点ID:0,RPC类型:CORE_RPC,RPC ID:62,请求ID:7bf6a39a-76fc-4514-8034-a93e74952b17内容类型:ROUTINE,时间戳:1581229368630 
2020-02-09 14:22:48.632 [pool-11-thread-1    ] [INFO ] RpcClientProcessServiceImpl >>> 处理RPC记录,来源节点ID:0,请求ID:7bf6a39a-76fc-4514-8034-a93e74952b17,RPC:GET_TICK_LIST_RSP 
2020-02-09 14:22:48.634 [pool-9-thread-2     ] [INFO ] RpcClientApiServiceImpl >>> 查询Tick列表完成 
2020-02-09 14:22:48.839 [pool-9-thread-2     ] [INFO ] RpcClientProcessServiceImpl >>> 发送RPC记录,目标节点ID:0,请求ID:2a716110-b8af-4d3e-bf07-e165caed5963,RPC:GET_MIX_CONTRACT_LIST_REQ 
2020-02-09 14:22:48.863 [pool-9-thread-1     ] [INFO ] RpcClientProcessServiceImpl >>> 处理DEP记录,来源节点ID:0,RPC类型:CORE_RPC,RPC ID:60,请求ID:2a716110-b8af-4d3e-bf07-e165caed5963内容类型:ROUTINE,时间戳:1581229368846 
2020-02-09 14:22:48.869 [pool-11-thread-2    ] [INFO ] RpcClientProcessServiceImpl >>> 处理RPC记录,来源节点ID:0,请求ID:2a716110-b8af-4d3e-bf07-e165caed5963,RPC:GET_MIX_CONTRACT_LIST_RSP 
2020-02-09 14:22:48.872 [pool-9-thread-2     ] [INFO ] RpcClientApiServiceImpl >>> 查询混合合约列表完成 
2020-02-09 14:22:49.116 [pool-9-thread-1     ] [INFO ] RpcClientProcessServiceImpl >>> 处理DEP记录,来源节点ID:0,RPC类型:CORE_RPC,RPC ID:1010,请求ID:内容类型:ROUTINE,时间戳:1581229369116 
2020-02-09 14:22:49.118 [pool-5-thread-1     ] [INFO ] RpcClientProcessServiceImpl >>> 处理RPC记录,来源节点ID:0,请求ID:,RPC:POSITION_LIST_RTN 
2020-02-09 14:22:49.318 [pool-9-thread-1     ] [INFO ] RpcClientProcessServiceImpl >>> 处理DEP记录,来源节点ID:0,RPC类型:CORE_RPC,RPC ID:1010,请求ID:内容类型:ROUTINE,时间戳:1581229369317 
2020-02-09 14:22:49.318 [pool-5-thread-1     ] [INFO ] RpcClientProcessServiceImpl >>> 处理RPC记录,来源节点ID:0,请求ID:,RPC:POSITION_LIST_RTN 
2020-02-09 14:22:50.364 [pool-9-thread-1     ] [INFO ] RpcClientProcessServiceImpl >>> 处理DEP记录,来源节点ID:0,RPC类型:CORE_RPC,RPC ID:1011,请求ID:内容类型:ROUTINE,时间戳:1581229370364 
2020-02-09 14:22:50.364 [pool-5-thread-1     ] [INFO ] RpcClientProcessServiceImpl >>> 处理RPC记录,来源节点ID:0,请求ID:,RPC:ACCOUNT_LIST_RTN 
2020-02-09 14:22:50.568 [pool-9-thread-1     ] [INFO ] RpcClientProcessServiceImpl >>> 处理DEP记录,来源节点ID:0,RPC类型:CORE_RPC,RPC ID:1011,请求ID:内容类型:ROUTINE,时间戳:1581229370567 
2020-02-09 14:22:50.568 [pool-5-thread-1     ] [INFO ] RpcClientProcessServiceImpl >>> 处理RPC记录,来源节点ID:0,请求ID:,RPC:ACCOUNT_LIST_RTN 
2020-02-09 14:22:51.614 [pool-9-thread-1     ] [INFO ] RpcClientProcessServiceImpl >>> 处理DEP记录,来源节点ID:0,RPC类型:CORE_RPC,RPC ID:1010,请求ID:内容类型:ROUTINE,时间戳:1581229371614 
2020-02-09 14:22:51.615 [pool-5-thread-1     ] [INFO ] RpcClientProcessServiceImpl >>> 处理RPC记录,来源节点ID:0,请求ID:,RPC:POSITION_LIST_RTN 
2020-02-09 14:22:51.819 [pool-9-thread-1     ] [INFO ] RpcClientProcessServiceImpl >>> 处理DEP记录,来源节点ID:0,RPC类型:CORE_RPC,RPC ID:1010,请求ID:内容类型:ROUTINE,时间戳:1581229371818 
2020-02-09 14:22:51.819 [pool-5-thread-1     ] [INFO ] RpcClientProcessServiceImpl >>> 处理RPC记录,来源节点ID:0,请求ID:,RPC:POSITION_LIST_RTN 
2020-02-09 14:22:52.862 [pool-9-thread-1     ] [INFO ] RpcClientProcessServiceImpl >>> 处理DEP记录,来源节点ID:0,RPC类型:CORE_RPC,RPC ID:1011,请求ID:内容类型:ROUTINE,时间戳:1581229372862 
2020-02-09 14:22:52.863 [pool-5-thread-1     ] [INFO ] RpcClientProcessServiceImpl >>> 处理RPC记录,来源节点ID:0,请求ID:,RPC:ACCOUNT_LIST_RTN 
2020-02-09 14:22:53.067 [pool-9-thread-1     ] [INFO ] RpcClientProcessServiceImpl >>> 处理DEP记录,来源节点ID:0,RPC类型:CORE_RPC,RPC ID:1011,请求ID:内容类型:ROUTINE,时间戳:1581229373067 
2020-02-09 14:22:53.068 [pool-5-thread-1     ] [INFO ] RpcClientProcessServiceImpl >>> 处理RPC记录,来源节点ID:0,请求ID:,RPC:ACCOUNT_LIST_RTN 
2020-02-09 14:22:54.113 [pool-9-thread-1     ] [INFO ] RpcClientProcessServiceImpl >>> 处理DEP记录,来源节点ID:0,RPC类型:CORE_RPC,RPC ID:1010,请求ID:内容类型:ROUTINE,时间戳:1581229374113 
2020-02-09 14:22:54.114 [pool-5-thread-1     ] [INFO ] RpcClientProcessServiceImpl >>> 处理RPC记录,来源节点ID:0,请求ID:,RPC:POSITION_LIST_RTN 
2020-02-09 14:22:54.317 [pool-9-thread-1     ] [INFO ] RpcClientProcessServiceImpl >>> 处理DEP记录,来源节点ID:0,RPC类型:CORE_RPC,RPC ID:1010,请求ID:内容类型:ROUTINE,时间戳:1581229374316 
2020-02-09 14:22:54.317 [pool-5-thread-1     ] [INFO ] RpcClientProcessServiceImpl >>> 处理RPC记录,来源节点ID:0,请求ID:,RPC:POSITION_LIST_RTN 
2020-02-09 14:22:55.364 [pool-9-thread-1     ] [INFO ] RpcClientProcessServiceImpl >>> 处理DEP记录,来源节点ID:0,RPC类型:CORE_RPC,RPC ID:1011,请求ID:内容类型:ROUTINE,时间戳:1581229375364 
2020-02-09 14:22:55.365 [pool-5-thread-1     ] [INFO ] RpcClientProcessServiceImpl >>> 处理RPC记录,来源节点ID:0,请求ID:,RPC:ACCOUNT_LIST_RTN 
2020-02-09 14:22:55.568 [pool-9-thread-1     ] [INFO ] RpcClientProcessServiceImpl >>> 处理DEP记录,来源节点ID:0,RPC类型:CORE_RPC,RPC ID:1011,请求ID:内容类型:ROUTINE,时间戳:1581229375568 
2020-02-09 14:22:55.569 [pool-5-thread-1     ] [INFO ] RpcClientProcessServiceImpl >>> 处理RPC记录,来源节点ID:0,请求ID:,RPC:ACCOUNT_LIST_RTN 
2020-02-09 14:22:56.615 [pool-9-thread-1     ] [INFO ] RpcClientProcessServiceImpl >>> 处理DEP记录,来源节点ID:0,RPC类型:CORE_RPC,RPC ID:1010,请求ID:内容类型:ROUTINE,时间戳:1581229376615 
2020-02-09 14:22:56.616 [pool-5-thread-1     ] [INFO ] RpcClientProcessServiceImpl >>> 处理RPC记录,来源节点ID:0,请求ID:,RPC:POSITION_LIST_RTN 
2020-02-09 14:22:56.819 [pool-9-thread-1     ] [INFO ] RpcClientProcessServiceImpl >>> 处理DEP记录,来源节点ID:0,RPC类型:CORE_RPC,RPC ID:1010,请求ID:内容类型:ROUTINE,时间戳:1581229376818 
2020-02-09 14:22:56.819 [pool-5-thread-1     ] [INFO ] RpcClientProcessServiceImpl >>> 处理RPC记录,来源节点ID:0,请求ID:,RPC:POSITION_LIST_RTN 
2020-02-09 14:22:57.120 [pool-8-thread-1     ] [INFO ] RtWebSocketClient >>> PING服务器 
2020-02-09 14:22:57.124 [XNIO-2 I/O-1        ] [INFO ] RtWebSocketClient >>> 收到PONG,延时4ms 
2020-02-09 14:22:57.862 [pool-9-thread-1     ] [INFO ] RpcClientProcessServiceImpl >>> 处理DEP记录,来源节点ID:0,RPC类型:CORE_RPC,RPC ID:1011,请求ID:内容类型:ROUTINE,时间戳:1581229377862 
2020-02-09 14:22:57.863 [pool-5-thread-1     ] [INFO ] RpcClientProcessServiceImpl >>> 处理RPC记录,来源节点ID:0,请求ID:,RPC:ACCOUNT_LIST_RTN 
2020-02-09 14:22:58.065 [pool-9-thread-1     ] [INFO ] RpcClientProcessServiceImpl >>> 处理DEP记录,来源节点ID:0,RPC类型:CORE_RPC,RPC ID:1011,请求ID:内容类型:ROUTINE,时间戳:1581229378065 
2020-02-09 14:22:58.066 [pool-5-thread-1     ] [INFO ] RpcClientProcessServiceImpl >>> 处理RPC记录,来源节点ID:0,请求ID:,RPC:ACCOUNT_LIST_RTN 
2020-02-09 14:22:59.117 [pool-9-thread-1     ] [INFO ] RpcClientProcessServiceImpl >>> 处理DEP记录,来源节点ID:0,RPC类型:CORE_RPC,RPC ID:1010,请求ID:内容类型:ROUTINE,时间戳:1581229379116 
2020-02-09 14:22:59.117 [pool-5-thread-1     ] [INFO ] RpcClientProcessServiceImpl >>> 处理RPC记录,来源节点ID:0,请求ID:,RPC:POSITION_LIST_RTN 
2020-02-09 14:22:59.318 [pool-9-thread-1     ] [INFO ] RpcClientProcessServiceImpl >>> 处理DEP记录,来源节点ID:0,RPC类型:CORE_RPC,RPC ID:1010,请求ID:内容类型:ROUTINE,时间戳:1581229379317 
2020-02-09 14:22:59.318 [pool-5-thread-1     ] [INFO ] RpcClientProcessServiceImpl >>> 处理RPC记录,来源节点ID:0,请求ID:,RPC:POSITION_LIST_RTN 
2020-02-09 14:23:00.361 [pool-9-thread-1     ] [INFO ] RpcClientProcessServiceImpl >>> 处理DEP记录,来源节点ID:0,RPC类型:CORE_RPC,RPC ID:1011,请求ID:内容类型:ROUTINE,时间戳:1581229380361 
2020-02-09 14:23:00.362 [pool-5-thread-1     ] [INFO ] RpcClientProcessServiceImpl >>> 处理RPC记录,来源节点ID:0,请求ID:,RPC:ACCOUNT_LIST_RTN 
2020-02-09 14:23:00.566 [pool-9-thread-1     ] [INFO ] RpcClientProcessServiceImpl >>> 处理DEP记录,来源节点ID:0,RPC类型:CORE_RPC,RPC ID:1011,请求ID:内容类型:ROUTINE,时间戳:1581229380566 
2020-02-09 14:23:00.567 [pool-5-thread-1     ] [INFO ] RpcClientProcessServiceImpl >>> 处理RPC记录,来源节点ID:0,请求ID:,RPC:ACCOUNT_LIST_RTN 
2020-02-09 14:23:01.616 [pool-9-thread-1     ] [INFO ] RpcClientProcessServiceImpl >>> 处理DEP记录,来源节点ID:0,RPC类型:CORE_RPC,RPC ID:1010,请求ID:内容类型:ROUTINE,时间戳:1581229381616 
2020-02-09 14:23:01.617 [pool-5-thread-1     ] [INFO ] RpcClientProcessServiceImpl >>> 处理RPC记录,来源节点ID:0,请求ID:,RPC:POSITION_LIST_RTN 
2020-02-09 14:23:01.822 [pool-9-thread-1     ] [INFO ] RpcClientProcessServiceImpl >>> 处理DEP记录,来源节点ID:0,RPC类型:CORE_RPC,RPC ID:1010,请求ID:内容类型:ROUTINE,时间戳:1581229381821 
2020-02-09 14:23:01.822 [pool-5-thread-1     ] [INFO ] RpcClientProcessServiceImpl >>> 处理RPC记录,来源节点ID:0,请求ID:,RPC:POSITION_LIST_RTN 
2020-02-09 14:23:02.861 [pool-9-thread-1     ] [INFO ] RpcClientProcessServiceImpl >>> 处理DEP记录,来源节点ID:0,RPC类型:CORE_RPC,RPC ID:1011,请求ID:内容类型:ROUTINE,时间戳:1581229382861 
2020-02-09 14:23:02.862 [pool-5-thread-1     ] [INFO ] RpcClientProcessServiceImpl >>> 处理RPC记录,来源节点ID:0,请求ID:,RPC:ACCOUNT_LIST_RTN 
2020-02-09 14:23:03.066 [pool-9-thread-1     ] [INFO ] RpcClientProcessServiceImpl >>> 处理DEP记录,来源节点ID:0,RPC类型:CORE_RPC,RPC ID:1011,请求ID:内容类型:ROUTINE,时间戳:1581229383066 
2020-02-09 14:23:03.067 [pool-5-thread-1     ] [INFO ] RpcClientProcessServiceImpl >>> 处理RPC记录,来源节点ID:0,请求ID:,RPC:ACCOUNT_LIST_RTN 
2020-02-09 14:23:04.115 [pool-9-thread-1     ] [INFO ] RpcClientProcessServiceImpl >>> 处理DEP记录,来源节点ID:0,RPC类型:CORE_RPC,RPC ID:1010,请求ID:内容类型:ROUTINE,时间戳:1581229384115 
2020-02-09 14:23:04.116 [pool-5-thread-1     ] [INFO ] RpcClientProcessServiceImpl >>> 处理RPC记录,来源节点ID:0,请求ID:,RPC:POSITION_LIST_RTN 
2020-02-09 14:23:04.318 [pool-9-thread-1     ] [INFO ] RpcClientProcessServiceImpl >>> 处理DEP记录,来源节点ID:0,RPC类型:CORE_RPC,RPC ID:1010,请求ID:内容类型:ROUTINE,时间戳:1581229384317 
2020-02-09 14:23:04.318 [pool-5-thread-1     ] [INFO ] RpcClientProcessServiceImpl >>> 处理RPC记录,来源节点ID:0,请求ID:,RPC:POSITION_LIST_RTN 
2020-02-09 14:23:05.362 [pool-9-thread-1     ] [INFO ] RpcClientProcessServiceImpl >>> 处理DEP记录,来源节点ID:0,RPC类型:CORE_RPC,RPC ID:1011,请求ID:内容类型:ROUTINE,时间戳:1581229385362 
2020-02-09 14:23:05.363 [pool-5-thread-1     ] [INFO ] RpcClientProcessServiceImpl >>> 处理RPC记录,来源节点ID:0,请求ID:,RPC:ACCOUNT_LIST_RTN 
2020-02-09 14:23:05.564 [pool-9-thread-1     ] [INFO ] RpcClientProcessServiceImpl >>> 处理DEP记录,来源节点ID:0,RPC类型:CORE_RPC,RPC ID:1011,请求ID:内容类型:ROUTINE,时间戳:1581229385564 
2020-02-09 14:23:05.565 [pool-5-thread-1     ] [INFO ] RpcClientProcessServiceImpl >>> 处理RPC记录,来源节点ID:0,请求ID:,RPC:ACCOUNT_LIST_RTN 
2020-02-09 14:23:06.617 [pool-9-thread-1     ] [INFO ] RpcClientProcessServiceImpl >>> 处理DEP记录,来源节点ID:0,RPC类型:CORE_RPC,RPC ID:1010,请求ID:内容类型:ROUTINE,时间戳:1581229386617 
2020-02-09 14:23:06.618 [pool-5-thread-1     ] [INFO ] RpcClientProcessServiceImpl >>> 处理RPC记录,来源节点ID:0,请求ID:,RPC:POSITION_LIST_RTN 
2020-02-09 14:23:06.824 [pool-9-thread-1     ] [INFO ] RpcClientProcessServiceImpl >>> 处理DEP记录,来源节点ID:0,RPC类型:CORE_RPC,RPC ID:1010,请求ID:内容类型:ROUTINE,时间戳:1581229386823 
2020-02-09 14:23:06.824 [pool-5-thread-1     ] [INFO ] RpcClientProcessServiceImpl >>> 处理RPC记录,来源节点ID:0,请求ID:,RPC:POSITION_LIST_RTN 
2020-02-09 14:23:07.116 [pool-8-thread-1     ] [INFO ] RtWebSocketClient >>> PING服务器 
2020-02-09 14:23:07.117 [XNIO-2 I/O-1        ] [INFO ] RtWebSocketClient >>> 收到PONG,延时1ms 
2020-02-09 14:23:07.860 [pool-9-thread-1     ] [INFO ] RpcClientProcessServiceImpl >>> 处理DEP记录,来源节点ID:0,RPC类型:CORE_RPC,RPC ID:1011,请求ID:内容类型:ROUTINE,时间戳:1581229387860 
2020-02-09 14:23:07.861 [pool-5-thread-1     ] [INFO ] RpcClientProcessServiceImpl >>> 处理RPC记录,来源节点ID:0,请求ID:,RPC:ACCOUNT_LIST_RTN 
2020-02-09 14:23:08.066 [pool-9-thread-1     ] [INFO ] RpcClientProcessServiceImpl >>> 处理DEP记录,来源节点ID:0,RPC类型:CORE_RPC,RPC ID:1011,请求ID:内容类型:ROUTINE,时间戳:1581229388066 
2020-02-09 14:23:08.067 [pool-5-thread-1     ] [INFO ] RpcClientProcessServiceImpl >>> 处理RPC记录,来源节点ID:0,请求ID:,RPC:ACCOUNT_LIST_RTN 
2020-02-09 14:23:08.912 [XNIO-2 I/O-1        ] [ERROR] RtWebSocketClient >>> 传输错误,会话ID:f2ba5177-808d-5fc0-9e3e-7bf3bf4c3818 
java.io.IOException: 远程主机强迫关闭了一个现有的连接。
	at java.base/sun.nio.ch.SocketDispatcher.read0(Native Method)
	at java.base/sun.nio.ch.SocketDispatcher.read(SocketDispatcher.java:43)
	at java.base/sun.nio.ch.IOUtil.readIntoNativeBuffer(IOUtil.java:276)
	at java.base/sun.nio.ch.IOUtil.read(IOUtil.java:245)
	at java.base/sun.nio.ch.IOUtil.read(IOUtil.java:223)
	at java.base/sun.nio.ch.SocketChannelImpl.read(SocketChannelImpl.java:358)
	at org.xnio.nio.NioSocketConduit.read(NioSocketConduit.java:319)
	at io.undertow.conduits.IdleTimeoutConduit.read(IdleTimeoutConduit.java:202)
	at org.xnio.conduits.ConduitStreamSourceChannel.read(ConduitStreamSourceChannel.java:127)
	at io.undertow.server.protocol.framed.AbstractFramedChannel.receive(AbstractFramedChannel.java:373)
	at io.undertow.websockets.core.AbstractReceiveListener.handleEvent(AbstractReceiveListener.java:38)
	at io.undertow.websockets.core.AbstractReceiveListener.handleEvent(AbstractReceiveListener.java:33)
	at org.xnio.ChannelListeners.invokeChannelListener(ChannelListeners.java:92)
	at io.undertow.server.protocol.framed.AbstractFramedChannel$FrameReadListener.handleEvent(AbstractFramedChannel.java:948)
	at io.undertow.server.protocol.framed.AbstractFramedChannel$FrameReadListener.handleEvent(AbstractFramedChannel.java:929)
	at org.xnio.ChannelListeners.invokeChannelListener(ChannelListeners.java:92)
	at org.xnio.conduits.ReadReadyHandler$ChannelListenerHandler.readReady(ReadReadyHandler.java:66)
	at org.xnio.nio.NioSocketConduit.handleReady(NioSocketConduit.java:88)
	at org.xnio.nio.WorkerThread.run(WorkerThread.java:561)
2020-02-09 14:23:08.922 [XNIO-2 I/O-1        ] [INFO ] RtWebSocketClient >>> 连接已关闭,会话ID:f2ba5177-808d-5fc0-9e3e-7bf3bf4c3818 
2020-02-09 14:23:27.160 [pool-3-thread-1     ] [INFO ] RpcClientProcessServiceImpl >>> 发送RPC记录,目标节点ID:0,请求ID:629ee0e2-17ac-4c6d-bea5-6c3d42602990,RPC:GET_ACCOUNT_LIST_REQ 
2020-02-09 14:23:27.161 [pool-3-thread-1     ] [ERROR] RtWebSocketClient >>> 发送二进制数据错误,未能找到会话 
2020-02-09 14:23:27.161 [pool-3-thread-1     ] [ERROR] RpcClientProcessServiceImpl >>> 发送RPC错误,目标节点ID:0,请求ID:629ee0e2-17ac-4c6d-bea5-6c3d42602990,RPC:GET_ACCOUNT_LIST_REQ 
2020-02-09 14:23:27.366 [pool-3-thread-1     ] [INFO ] RpcClientProcessServiceImpl >>> 发送RPC记录,目标节点ID:0,请求ID:12905f45-1773-496e-9126-82e2731109ac,RPC:GET_POSITION_LIST_REQ 
2020-02-09 14:23:27.367 [pool-3-thread-1     ] [ERROR] RtWebSocketClient >>> 发送二进制数据错误,未能找到会话 
2020-02-09 14:23:27.367 [pool-3-thread-1     ] [ERROR] RpcClientProcessServiceImpl >>> 发送RPC错误,目标节点ID:0,请求ID:12905f45-1773-496e-9126-82e2731109ac,RPC:GET_POSITION_LIST_REQ 
2020-02-09 14:23:27.574 [pool-3-thread-1     ] [INFO ] RpcClientProcessServiceImpl >>> 发送RPC记录,目标节点ID:0,请求ID:a5272abd-022a-4e90-8759-a9c2b0cf6bff,RPC:GET_TRADE_LIST_REQ 
2020-02-09 14:23:27.574 [pool-3-thread-1     ] [ERROR] RtWebSocketClient >>> 发送二进制数据错误,未能找到会话 
2020-02-09 14:23:27.574 [pool-3-thread-1     ] [ERROR] RpcClientProcessServiceImpl >>> 发送RPC错误,目标节点ID:0,请求ID:a5272abd-022a-4e90-8759-a9c2b0cf6bff,RPC:GET_TRADE_LIST_REQ 
2020-02-09 14:23:27.780 [pool-3-thread-1     ] [INFO ] RpcClientProcessServiceImpl >>> 发送RPC记录,目标节点ID:0,请求ID:ea31006b-945d-4ec9-8c94-b67295647d9d,RPC:GET_ORDER_LIST_REQ 
2020-02-09 14:23:27.780 [pool-3-thread-1     ] [ERROR] RtWebSocketClient >>> 发送二进制数据错误,未能找到会话 
2020-02-09 14:23:27.781 [pool-3-thread-1     ] [ERROR] RpcClientProcessServiceImpl >>> 发送RPC错误,目标节点ID:0,请求ID:ea31006b-945d-4ec9-8c94-b67295647d9d,RPC:GET_ORDER_LIST_REQ 
2020-02-09 14:23:27.986 [pool-3-thread-1     ] [INFO ] RpcClientProcessServiceImpl >>> 发送RPC记录,目标节点ID:0,请求ID:19bfa3e5-81b8-43f3-bae1-8eadbcd084a1,RPC:GET_TICK_LIST_REQ 
2020-02-09 14:23:27.986 [pool-3-thread-1     ] [ERROR] RtWebSocketClient >>> 发送二进制数据错误,未能找到会话 
2020-02-09 14:23:27.986 [pool-3-thread-1     ] [ERROR] RpcClientProcessServiceImpl >>> 发送RPC错误,目标节点ID:0,请求ID:19bfa3e5-81b8-43f3-bae1-8eadbcd084a1,RPC:GET_TICK_LIST_REQ 
2020-02-09 14:23:28.192 [pool-3-thread-1     ] [INFO ] RpcClientProcessServiceImpl >>> 发送RPC记录,目标节点ID:0,请求ID:bbe3f871-bb20-43a2-b729-4ecc4e6c1ca3,RPC:GET_MIX_CONTRACT_LIST_REQ 
2020-02-09 14:23:28.192 [pool-3-thread-1     ] [ERROR] RtWebSocketClient >>> 发送二进制数据错误,未能找到会话 
2020-02-09 14:23:28.192 [pool-3-thread-1     ] [ERROR] RpcClientProcessServiceImpl >>> 发送RPC错误,目标节点ID:0,请求ID:bbe3f871-bb20-43a2-b729-4ecc4e6c1ca3,RPC:GET_MIX_CONTRACT_LIST_REQ 
2020-02-09 14:24:27.145 [pool-3-thread-1     ] [INFO ] RpcClientProcessServiceImpl >>> 发送RPC记录,目标节点ID:0,请求ID:7e5683c4-f5f5-4f0b-ab84-f16d58ddf61c,RPC:GET_ACCOUNT_LIST_REQ 
2020-02-09 14:24:27.146 [pool-3-thread-1     ] [ERROR] RtWebSocketClient >>> 发送二进制数据错误,未能找到会话 
2020-02-09 14:24:27.146 [pool-3-thread-1     ] [ERROR] RpcClientProcessServiceImpl >>> 发送RPC错误,目标节点ID:0,请求ID:7e5683c4-f5f5-4f0b-ab84-f16d58ddf61c,RPC:GET_ACCOUNT_LIST_REQ 
2020-02-09 14:24:27.352 [pool-3-thread-1     ] [INFO ] RpcClientProcessServiceImpl >>> 发送RPC记录,目标节点ID:0,请求ID:dab94f04-cf2a-41bb-9f1a-1a094c8f2bba,RPC:GET_POSITION_LIST_REQ 
2020-02-09 14:24:27.352 [pool-3-thread-1     ] [ERROR] RtWebSocketClient >>> 发送二进制数据错误,未能找到会话 
2020-02-09 14:24:27.353 [pool-3-thread-1     ] [ERROR] RpcClientProcessServiceImpl >>> 发送RPC错误,目标节点ID:0,请求ID:dab94f04-cf2a-41bb-9f1a-1a094c8f2bba,RPC:GET_POSITION_LIST_REQ 
2020-02-09 14:24:27.558 [pool-3-thread-1     ] [INFO ] RpcClientProcessServiceImpl >>> 发送RPC记录,目标节点ID:0,请求ID:e9dd2612-94b4-4dbf-806a-dc276cf598a4,RPC:GET_TRADE_LIST_REQ 
2020-02-09 14:24:27.558 [pool-3-thread-1     ] [ERROR] RtWebSocketClient >>> 发送二进制数据错误,未能找到会话 
2020-02-09 14:24:27.559 [pool-3-thread-1     ] [ERROR] RpcClientProcessServiceImpl >>> 发送RPC错误,目标节点ID:0,请求ID:e9dd2612-94b4-4dbf-806a-dc276cf598a4,RPC:GET_TRADE_LIST_REQ 
2020-02-09 14:24:27.765 [pool-3-thread-1     ] [INFO ] RpcClientProcessServiceImpl >>> 发送RPC记录,目标节点ID:0,请求ID:7150c653-f27a-453b-8390-21f4dc4f972f,RPC:GET_ORDER_LIST_REQ 
2020-02-09 14:24:27.765 [pool-3-thread-1     ] [ERROR] RtWebSocketClient >>> 发送二进制数据错误,未能找到会话 
2020-02-09 14:24:27.765 [pool-3-thread-1     ] [ERROR] RpcClientProcessServiceImpl >>> 发送RPC错误,目标节点ID:0,请求ID:7150c653-f27a-453b-8390-21f4dc4f972f,RPC:GET_ORDER_LIST_REQ 
2020-02-09 14:24:27.971 [pool-3-thread-1     ] [INFO ] RpcClientProcessServiceImpl >>> 发送RPC记录,目标节点ID:0,请求ID:1ffb8609-daf0-4b9a-b3cb-b551e9872889,RPC:GET_TICK_LIST_REQ 
2020-02-09 14:24:27.971 [pool-3-thread-1     ] [ERROR] RtWebSocketClient >>> 发送二进制数据错误,未能找到会话 
2020-02-09 14:24:27.971 [pool-3-thread-1     ] [ERROR] RpcClientProcessServiceImpl >>> 发送RPC错误,目标节点ID:0,请求ID:1ffb8609-daf0-4b9a-b3cb-b551e9872889,RPC:GET_TICK_LIST_REQ 
2020-02-09 14:24:28.176 [pool-3-thread-1     ] [INFO ] RpcClientProcessServiceImpl >>> 发送RPC记录,目标节点ID:0,请求ID:788923ce-4235-4622-8c0d-6b402cf00de9,RPC:GET_MIX_CONTRACT_LIST_REQ 
2020-02-09 14:24:28.176 [pool-3-thread-1     ] [ERROR] RtWebSocketClient >>> 发送二进制数据错误,未能找到会话 
2020-02-09 14:24:28.176 [pool-3-thread-1     ] [ERROR] RpcClientProcessServiceImpl >>> 发送RPC错误,目标节点ID:0,请求ID:788923ce-4235-4622-8c0d-6b402cf00de9,RPC:GET_MIX_CONTRACT_LIST_REQ 
