2020-02-09 14:21:26.808 [JavaFX-Launcher     ] [WARN ]  [Bootstrap.java:68] jsr >>> UT026010: Buffer pool was not set on WebSocketDeploymentInfo, the default pool will be used 
2020-02-09 14:21:27.139 [JavaFX-Launcher     ] [WARN ]  [RtWebSocketClient.java:233] RtWebSocketClient >>> 自动重连服务器未启用 
2020-02-09 14:22:27.465 [pool-3-thread-1     ] [ERROR]  [RtWebSocketClient.java:310] RtWebSocketClient >>> 发送二进制数据错误,未能找到会话 
2020-02-09 14:22:27.467 [pool-3-thread-1     ] [ERROR]  [RpcClientProcessServiceImpl.java:712] RpcClientProcessServiceImpl >>> 发送RPC错误,目标节点ID:0,请求ID:2328afc8-557e-4251-a92b-d5ba27b77654,RPC:GET_ACCOUNT_LIST_REQ 
2020-02-09 14:22:27.676 [pool-3-thread-1     ] [ERROR]  [RtWebSocketClient.java:310] RtWebSocketClient >>> 发送二进制数据错误,未能找到会话 
2020-02-09 14:22:27.677 [pool-3-thread-1     ] [ERROR]  [RpcClientProcessServiceImpl.java:712] RpcClientProcessServiceImpl >>> 发送RPC错误,目标节点ID:0,请求ID:ac80f5d0-d07b-4794-b956-05028b289350,RPC:GET_POSITION_LIST_REQ 
2020-02-09 14:22:27.885 [pool-3-thread-1     ] [ERROR]  [RtWebSocketClient.java:310] RtWebSocketClient >>> 发送二进制数据错误,未能找到会话 
2020-02-09 14:22:27.885 [pool-3-thread-1     ] [ERROR]  [RpcClientProcessServiceImpl.java:712] RpcClientProcessServiceImpl >>> 发送RPC错误,目标节点ID:0,请求ID:821bcf7d-e774-4590-bb76-3b9ae1c80a6a,RPC:GET_TRADE_LIST_REQ 
2020-02-09 14:22:28.094 [pool-3-thread-1     ] [ERROR]  [RtWebSocketClient.java:310] RtWebSocketClient >>> 发送二进制数据错误,未能找到会话 
2020-02-09 14:22:28.094 [pool-3-thread-1     ] [ERROR]  [RpcClientProcessServiceImpl.java:712] RpcClientProcessServiceImpl >>> 发送RPC错误,目标节点ID:0,请求ID:4adb54bb-6122-41f6-b2b8-d27c1a6ea556,RPC:GET_ORDER_LIST_REQ 
2020-02-09 14:22:28.303 [pool-3-thread-1     ] [ERROR]  [RtWebSocketClient.java:310] RtWebSocketClient >>> 发送二进制数据错误,未能找到会话 
2020-02-09 14:22:28.304 [pool-3-thread-1     ] [ERROR]  [RpcClientProcessServiceImpl.java:712] RpcClientProcessServiceImpl >>> 发送RPC错误,目标节点ID:0,请求ID:8b993055-631f-4d60-8886-aa3da78242dd,RPC:GET_TICK_LIST_REQ 
2020-02-09 14:22:28.512 [pool-3-thread-1     ] [ERROR]  [RtWebSocketClient.java:310] RtWebSocketClient >>> 发送二进制数据错误,未能找到会话 
2020-02-09 14:22:28.512 [pool-3-thread-1     ] [ERROR]  [RpcClientProcessServiceImpl.java:712] RpcClientProcessServiceImpl >>> 发送RPC错误,目标节点ID:0,请求ID:0dc9ec7b-3772-432d-a169-0539ba1af582,RPC:GET_MIX_CONTRACT_LIST_REQ 
2020-02-09 14:23:08.912 [XNIO-2 I/O-1        ] [ERROR]  [RtWebSocketClient.java:173] RtWebSocketClient >>> 传输错误,会话ID:f2ba5177-808d-5fc0-9e3e-7bf3bf4c3818 
java.io.IOException: 远程主机强迫关闭了一个现有的连接。
	at java.base/sun.nio.ch.SocketDispatcher.read0(Native Method)
	at java.base/sun.nio.ch.SocketDispatcher.read(SocketDispatcher.java:43)
	at java.base/sun.nio.ch.IOUtil.readIntoNativeBuffer(IOUtil.java:276)
	at java.base/sun.nio.ch.IOUtil.read(IOUtil.java:245)
	at java.base/sun.nio.ch.IOUtil.read(IOUtil.java:223)
	at java.base/sun.nio.ch.SocketChannelImpl.read(SocketChannelImpl.java:358)
	at org.xnio.nio.NioSocketConduit.read(NioSocketConduit.java:319)
	at io.undertow.conduits.IdleTimeoutConduit.read(IdleTimeoutConduit.java:202)
	at org.xnio.conduits.ConduitStreamSourceChannel.read(ConduitStreamSourceChannel.java:127)
	at io.undertow.server.protocol.framed.AbstractFramedChannel.receive(AbstractFramedChannel.java:373)
	at io.undertow.websockets.core.AbstractReceiveListener.handleEvent(AbstractReceiveListener.java:38)
	at io.undertow.websockets.core.AbstractReceiveListener.handleEvent(AbstractReceiveListener.java:33)
	at org.xnio.ChannelListeners.invokeChannelListener(ChannelListeners.java:92)
	at io.undertow.server.protocol.framed.AbstractFramedChannel$FrameReadListener.handleEvent(AbstractFramedChannel.java:948)
	at io.undertow.server.protocol.framed.AbstractFramedChannel$FrameReadListener.handleEvent(AbstractFramedChannel.java:929)
	at org.xnio.ChannelListeners.invokeChannelListener(ChannelListeners.java:92)
	at org.xnio.conduits.ReadReadyHandler$ChannelListenerHandler.readReady(ReadReadyHandler.java:66)
	at org.xnio.nio.NioSocketConduit.handleReady(NioSocketConduit.java:88)
	at org.xnio.nio.WorkerThread.run(WorkerThread.java:561)
2020-02-09 14:23:27.161 [pool-3-thread-1     ] [ERROR]  [RtWebSocketClient.java:310] RtWebSocketClient >>> 发送二进制数据错误,未能找到会话 
2020-02-09 14:23:27.161 [pool-3-thread-1     ] [ERROR]  [RpcClientProcessServiceImpl.java:712] RpcClientProcessServiceImpl >>> 发送RPC错误,目标节点ID:0,请求ID:629ee0e2-17ac-4c6d-bea5-6c3d42602990,RPC:GET_ACCOUNT_LIST_REQ 
2020-02-09 14:23:27.367 [pool-3-thread-1     ] [ERROR]  [RtWebSocketClient.java:310] RtWebSocketClient >>> 发送二进制数据错误,未能找到会话 
2020-02-09 14:23:27.367 [pool-3-thread-1     ] [ERROR]  [RpcClientProcessServiceImpl.java:712] RpcClientProcessServiceImpl >>> 发送RPC错误,目标节点ID:0,请求ID:12905f45-1773-496e-9126-82e2731109ac,RPC:GET_POSITION_LIST_REQ 
2020-02-09 14:23:27.574 [pool-3-thread-1     ] [ERROR]  [RtWebSocketClient.java:310] RtWebSocketClient >>> 发送二进制数据错误,未能找到会话 
2020-02-09 14:23:27.574 [pool-3-thread-1     ] [ERROR]  [RpcClientProcessServiceImpl.java:712] RpcClientProcessServiceImpl >>> 发送RPC错误,目标节点ID:0,请求ID:a5272abd-022a-4e90-8759-a9c2b0cf6bff,RPC:GET_TRADE_LIST_REQ 
2020-02-09 14:23:27.780 [pool-3-thread-1     ] [ERROR]  [RtWebSocketClient.java:310] RtWebSocketClient >>> 发送二进制数据错误,未能找到会话 
2020-02-09 14:23:27.781 [pool-3-thread-1     ] [ERROR]  [RpcClientProcessServiceImpl.java:712] RpcClientProcessServiceImpl >>> 发送RPC错误,目标节点ID:0,请求ID:ea31006b-945d-4ec9-8c94-b67295647d9d,RPC:GET_ORDER_LIST_REQ 
2020-02-09 14:23:27.986 [pool-3-thread-1     ] [ERROR]  [RtWebSocketClient.java:310] RtWebSocketClient >>> 发送二进制数据错误,未能找到会话 
2020-02-09 14:23:27.986 [pool-3-thread-1     ] [ERROR]  [RpcClientProcessServiceImpl.java:712] RpcClientProcessServiceImpl >>> 发送RPC错误,目标节点ID:0,请求ID:19bfa3e5-81b8-43f3-bae1-8eadbcd084a1,RPC:GET_TICK_LIST_REQ 
2020-02-09 14:23:28.192 [pool-3-thread-1     ] [ERROR]  [RtWebSocketClient.java:310] RtWebSocketClient >>> 发送二进制数据错误,未能找到会话 
2020-02-09 14:23:28.192 [pool-3-thread-1     ] [ERROR]  [RpcClientProcessServiceImpl.java:712] RpcClientProcessServiceImpl >>> 发送RPC错误,目标节点ID:0,请求ID:bbe3f871-bb20-43a2-b729-4ecc4e6c1ca3,RPC:GET_MIX_CONTRACT_LIST_REQ 
2020-02-09 14:24:27.146 [pool-3-thread-1     ] [ERROR]  [RtWebSocketClient.java:310] RtWebSocketClient >>> 发送二进制数据错误,未能找到会话 
2020-02-09 14:24:27.146 [pool-3-thread-1     ] [ERROR]  [RpcClientProcessServiceImpl.java:712] RpcClientProcessServiceImpl >>> 发送RPC错误,目标节点ID:0,请求ID:7e5683c4-f5f5-4f0b-ab84-f16d58ddf61c,RPC:GET_ACCOUNT_LIST_REQ 
2020-02-09 14:24:27.352 [pool-3-thread-1     ] [ERROR]  [RtWebSocketClient.java:310] RtWebSocketClient >>> 发送二进制数据错误,未能找到会话 
2020-02-09 14:24:27.353 [pool-3-thread-1     ] [ERROR]  [RpcClientProcessServiceImpl.java:712] RpcClientProcessServiceImpl >>> 发送RPC错误,目标节点ID:0,请求ID:dab94f04-cf2a-41bb-9f1a-1a094c8f2bba,RPC:GET_POSITION_LIST_REQ 
2020-02-09 14:24:27.558 [pool-3-thread-1     ] [ERROR]  [RtWebSocketClient.java:310] RtWebSocketClient >>> 发送二进制数据错误,未能找到会话 
2020-02-09 14:24:27.559 [pool-3-thread-1     ] [ERROR]  [RpcClientProcessServiceImpl.java:712] RpcClientProcessServiceImpl >>> 发送RPC错误,目标节点ID:0,请求ID:e9dd2612-94b4-4dbf-806a-dc276cf598a4,RPC:GET_TRADE_LIST_REQ 
2020-02-09 14:24:27.765 [pool-3-thread-1     ] [ERROR]  [RtWebSocketClient.java:310] RtWebSocketClient >>> 发送二进制数据错误,未能找到会话 
2020-02-09 14:24:27.765 [pool-3-thread-1     ] [ERROR]  [RpcClientProcessServiceImpl.java:712] RpcClientProcessServiceImpl >>> 发送RPC错误,目标节点ID:0,请求ID:7150c653-f27a-453b-8390-21f4dc4f972f,RPC:GET_ORDER_LIST_REQ 
2020-02-09 14:24:27.971 [pool-3-thread-1     ] [ERROR]  [RtWebSocketClient.java:310] RtWebSocketClient >>> 发送二进制数据错误,未能找到会话 
2020-02-09 14:24:27.971 [pool-3-thread-1     ] [ERROR]  [RpcClientProcessServiceImpl.java:712] RpcClientProcessServiceImpl >>> 发送RPC错误,目标节点ID:0,请求ID:1ffb8609-daf0-4b9a-b3cb-b551e9872889,RPC:GET_TICK_LIST_REQ 
2020-02-09 14:24:28.176 [pool-3-thread-1     ] [ERROR]  [RtWebSocketClient.java:310] RtWebSocketClient >>> 发送二进制数据错误,未能找到会话 
2020-02-09 14:24:28.176 [pool-3-thread-1     ] [ERROR]  [RpcClientProcessServiceImpl.java:712] RpcClientProcessServiceImpl >>> 发送RPC错误,目标节点ID:0,请求ID:788923ce-4235-4622-8c0d-6b402cf00de9,RPC:GET_MIX_CONTRACT_LIST_REQ 
